2025-01-12 22:39:44,836 - INFO - Starting Step 1: Copy Phenotype and Genotype processing
2025-01-12 22:39:44,842 - INFO - Successfully read main list with latin1 encoding
2025-01-12 22:39:44,842 - INFO - Found 12 Japan samples to process (rows 52-63)
2025-01-12 22:39:44,843 - INFO - 
Processing sample: N1DL6378 (Row 53)
2025-01-12 22:39:44,844 - INFO - Successfully read CSV file for N1DL6378
2025-01-12 22:39:44,913 - INFO - Updated header cells
2025-01-12 22:39:44,916 - INFO - Processing genes for N1DL6378
2025-01-12 22:39:44,916 - INFO - Updated ABCG2: Genotype=Reference/Reference, Phenotype=Normal Function
2025-01-12 22:39:44,916 - INFO - Updated CACNA1S: Genotype=Reference/Reference, Phenotype=Uncertain Susceptibility
2025-01-12 22:39:44,916 - INFO - Updated CFTR: Genotype=Reference/Reference, Phenotype=Indeterminate
2025-01-12 22:39:44,916 - INFO - Updated CYP2B6: Genotype=*1/*1, Phenotype=Normal Metabolizer
2025-01-12 22:39:44,916 - INFO - Updated CYP2C8: Genotype=*1/*1, Phenotype=Indeterminate
2025-01-12 22:39:44,916 - INFO - Updated CYP2C9: Genotype=*1/*1, Phenotype=Normal Metabolizer
2025-01-12 22:39:44,916 - INFO - Updated CYP2C19: Genotype=*1/*2, Phenotype=Intermediate Metabolizer
2025-01-12 22:39:44,916 - INFO - Updated CYP2D6: Genotype=*2/*41, Phenotype=Normal Metabolizer
2025-01-12 22:39:44,916 - INFO - Updated CYP3A4: Genotype=*1/*1, Phenotype=Indeterminate
2025-01-12 22:39:44,916 - INFO - Updated CYP3A5: Genotype=*3/*3, Phenotype=Poor Metabolizer
2025-01-12 22:39:44,916 - INFO - Updated CYP4F2: Genotype=*1/*1, Phenotype=Indeterminate
2025-01-12 22:39:44,916 - INFO - Updated DPYD: Genotype=Reference/Reference, Phenotype=Normal Metabolizer
2025-01-12 22:39:44,916 - INFO - Updated F5: Genotype=Reference/Reference, Phenotype=Favorable Response
2025-01-12 22:39:44,916 - INFO - Updated G6PD: Genotype=B/B, Phenotype=Indeterminate
2025-01-12 22:39:44,916 - INFO - Updated IFNL3: Genotype=rs12979860/rs12980275, Phenotype=Unfavorable Response
2025-01-12 22:39:44,916 - INFO - Updated NAT2: Genotype=*4/*4, Phenotype=Indeterminate
2025-01-12 22:39:44,916 - INFO - Updated NUDT15: Genotype=*1/*1, Phenotype=Normal Metabolizer
2025-01-12 22:39:44,916 - INFO - Updated RYR1: Genotype=Reference/Reference, Phenotype=Uncertain Susceptibility
2025-01-12 22:39:44,916 - INFO - Updated SLCO1B1: Genotype=*1/*37, Phenotype=Normal Function
2025-01-12 22:39:44,916 - INFO - Updated TPMT: Genotype=*1/*1, Phenotype=Normal Metabolizer
2025-01-12 22:39:44,916 - INFO - Updated UGT1A1: Genotype=*1/*1, Phenotype=Normal Metabolizer
2025-01-12 22:39:44,916 - INFO - Updated VKORC1: Genotype=Reference/Reference, Phenotype=Indeterminate
2025-01-12 22:39:44,945 - INFO - Saved output file: step1_phenotype_genotype_output/processed_files/N1DL6378.xlsx
2025-01-12 22:39:45,018 - INFO - Successfully verified all genes for N1DL6378
2025-01-12 22:39:45,018 - INFO - Processed 1/12 samples
2025-01-12 22:39:45,019 - INFO - 
Processing sample: N1DL6183 (Row 54)
2025-01-12 22:39:45,020 - INFO - Successfully read CSV file for N1DL6183
2025-01-12 22:39:45,089 - INFO - Updated header cells
2025-01-12 22:39:45,090 - INFO - Processing genes for N1DL6183
2025-01-12 22:39:45,090 - INFO - Updated ABCG2: Genotype=Reference/Reference, Phenotype=Normal Function
2025-01-12 22:39:45,090 - INFO - Updated CACNA1S: Genotype=Reference/Reference, Phenotype=Uncertain Susceptibility
2025-01-12 22:39:45,090 - INFO - Updated CFTR: Genotype=Reference/Reference, Phenotype=Indeterminate
2025-01-12 22:39:45,090 - INFO - Updated CYP2B6: Genotype=*1/*9, Phenotype=Intermediate Metabolizer
2025-01-12 22:39:45,090 - INFO - Updated CYP2C8: Genotype=*1/*1, Phenotype=Indeterminate
2025-01-12 22:39:45,090 - INFO - Updated CYP2C9: Genotype=*1/*1, Phenotype=Normal Metabolizer
2025-01-12 22:39:45,090 - INFO - Updated CYP2C19: Genotype=*1/*2, Phenotype=Intermediate Metabolizer
2025-01-12 22:39:45,090 - INFO - Updated CYP2D6: Genotype=*2/*2, Phenotype=Normal Metabolizer
2025-01-12 22:39:45,090 - INFO - Updated CYP3A4: Genotype=*1/*1, Phenotype=Indeterminate
2025-01-12 22:39:45,091 - INFO - Updated CYP3A5: Genotype=*1/*3, Phenotype=Intermediate Metabolizer
2025-01-12 22:39:45,091 - INFO - Updated CYP4F2: Genotype=*1/*1, Phenotype=Indeterminate
2025-01-12 22:39:45,091 - INFO - Updated DPYD: Genotype=Reference/Reference, Phenotype=Normal Metabolizer
2025-01-12 22:39:45,091 - INFO - Updated F5: Genotype=Reference/Reference, Phenotype=Favorable Response
2025-01-12 22:39:45,091 - INFO - Updated G6PD: Genotype=B/B, Phenotype=Indeterminate
2025-01-12 22:39:45,091 - INFO - Updated IFNL3: Genotype=Reference/Reference, Phenotype=Favorable Response
2025-01-12 22:39:45,091 - INFO - Updated NAT2: Genotype=*4/*4, Phenotype=Indeterminate
2025-01-12 22:39:45,091 - INFO - Updated NUDT15: Genotype=*1/*3, Phenotype=Intermediate Metabolizer
2025-01-12 22:39:45,091 - INFO - Updated RYR1: Genotype=Reference/Reference, Phenotype=Uncertain Susceptibility
2025-01-12 22:39:45,091 - INFO - Updated SLCO1B1: Genotype=*1/*15, Phenotype=Decreased Function
2025-01-12 22:39:45,091 - INFO - Updated TPMT: Genotype=*1/*1, Phenotype=Normal Metabolizer
2025-01-12 22:39:45,091 - INFO - Updated UGT1A1: Genotype=*1/*1, Phenotype=Normal Metabolizer
2025-01-12 22:39:45,091 - INFO - Updated VKORC1: Genotype=Reference/Reference, Phenotype=Indeterminate
2025-01-12 22:39:45,129 - INFO - Saved output file: step1_phenotype_genotype_output/processed_files/N1DL6183.xlsx
2025-01-12 22:39:45,203 - INFO - Successfully verified all genes for N1DL6183
2025-01-12 22:39:45,204 - INFO - Processed 2/12 samples
2025-01-12 22:39:45,204 - INFO - 
Processing sample: N1DL7718 (Row 55)
2025-01-12 22:39:45,205 - INFO - Successfully read CSV file for N1DL7718
2025-01-12 22:39:45,279 - INFO - Updated header cells
2025-01-12 22:39:45,280 - INFO - Processing genes for N1DL7718
2025-01-12 22:39:45,281 - INFO - Updated ABCG2: Genotype=Reference/Reference, Phenotype=Normal Function
2025-01-12 22:39:45,281 - INFO - Updated CACNA1S: Genotype=Reference/Reference, Phenotype=Uncertain Susceptibility
2025-01-12 22:39:45,281 - INFO - Updated CFTR: Genotype=Reference/Reference, Phenotype=Indeterminate
2025-01-12 22:39:45,281 - INFO - Updated CYP2B6: Genotype=*1/*1, Phenotype=Normal Metabolizer
2025-01-12 22:39:45,281 - INFO - Updated CYP2C8: Genotype=*1/*1, Phenotype=Indeterminate
2025-01-12 22:39:45,281 - INFO - Updated CYP2C9: Genotype=*1/*1, Phenotype=Normal Metabolizer
2025-01-12 22:39:45,281 - INFO - Updated CYP2C19: Genotype=*1/*1, Phenotype=Normal Metabolizer
2025-01-12 22:39:45,281 - INFO - Updated CYP2D6: Genotype=*2/*2, Phenotype=Normal Metabolizer
2025-01-12 22:39:45,281 - INFO - Updated CYP3A4: Genotype=*1/*1, Phenotype=Indeterminate
2025-01-12 22:39:45,281 - INFO - Updated CYP3A5: Genotype=*1/*3, Phenotype=Intermediate Metabolizer
2025-01-12 22:39:45,281 - INFO - Updated CYP4F2: Genotype=*1/*3, Phenotype=Indeterminate
2025-01-12 22:39:45,281 - INFO - Updated DPYD: Genotype=Reference/Reference, Phenotype=Normal Metabolizer
2025-01-12 22:39:45,281 - INFO - Updated F5: Genotype=Reference/Reference, Phenotype=Favorable Response
2025-01-12 22:39:45,281 - INFO - Updated G6PD: Genotype=B/B, Phenotype=Indeterminate
2025-01-12 22:39:45,281 - INFO - Updated IFNL3: Genotype=Reference/Reference, Phenotype=Favorable Response
2025-01-12 22:39:45,281 - INFO - Updated NAT2: Genotype=*4/*6, Phenotype=Indeterminate
2025-01-12 22:39:45,281 - INFO - Updated NUDT15: Genotype=*1/*1, Phenotype=Normal Metabolizer
2025-01-12 22:39:45,281 - INFO - Updated RYR1: Genotype=Reference/Reference, Phenotype=Uncertain Susceptibility
2025-01-12 22:39:45,281 - INFO - Updated SLCO1B1: Genotype=*37/*37, Phenotype=Normal Function
2025-01-12 22:39:45,281 - INFO - Updated TPMT: Genotype=*1/*1, Phenotype=Normal Metabolizer
2025-01-12 22:39:45,281 - INFO - Updated UGT1A1: Genotype=*1/*1, Phenotype=Normal Metabolizer
2025-01-12 22:39:45,281 - INFO - Updated VKORC1: Genotype=Reference/Reference, Phenotype=Indeterminate
2025-01-12 22:39:45,312 - INFO - Saved output file: step1_phenotype_genotype_output/processed_files/N1DL7718.xlsx
2025-01-12 22:39:45,394 - INFO - Successfully verified all genes for N1DL7718
2025-01-12 22:39:45,394 - INFO - Processed 3/12 samples
2025-01-12 22:39:45,394 - INFO - 
Processing sample: N1DL6379 (Row 56)
2025-01-12 22:39:45,396 - INFO - Successfully read CSV file for N1DL6379
2025-01-12 22:39:45,469 - INFO - Updated header cells
2025-01-12 22:39:45,470 - INFO - Processing genes for N1DL6379
2025-01-12 22:39:45,470 - INFO - Updated ABCG2: Genotype=Reference/Reference, Phenotype=Normal Function
2025-01-12 22:39:45,470 - INFO - Updated CACNA1S: Genotype=Reference/Reference, Phenotype=Uncertain Susceptibility
2025-01-12 22:39:45,470 - INFO - Updated CFTR: Genotype=Reference/Reference, Phenotype=Indeterminate
2025-01-12 22:39:45,470 - INFO - Updated CYP2B6: Genotype=*1/*1, Phenotype=Normal Metabolizer
2025-01-12 22:39:45,470 - INFO - Updated CYP2C8: Genotype=*1/*1, Phenotype=Indeterminate
2025-01-12 22:39:45,470 - INFO - Updated CYP2C9: Genotype=*1/*1, Phenotype=Normal Metabolizer
2025-01-12 22:39:45,470 - INFO - Updated CYP2C19: Genotype=*1/*1, Phenotype=Normal Metabolizer
2025-01-12 22:39:45,470 - INFO - Updated CYP2D6: Genotype=*2/*2, Phenotype=Normal Metabolizer
2025-01-12 22:39:45,470 - INFO - Updated CYP3A4: Genotype=*1/*1, Phenotype=Indeterminate
2025-01-12 22:39:45,470 - INFO - Updated CYP3A5: Genotype=*1/*3, Phenotype=Intermediate Metabolizer
2025-01-12 22:39:45,470 - INFO - Updated CYP4F2: Genotype=*1/*3, Phenotype=Indeterminate
2025-01-12 22:39:45,470 - INFO - Updated DPYD: Genotype=Reference/Reference, Phenotype=Normal Metabolizer
2025-01-12 22:39:45,470 - INFO - Updated F5: Genotype=Reference/Reference, Phenotype=Favorable Response
2025-01-12 22:39:45,471 - INFO - Updated G6PD: Genotype=B/Rehevot, Phenotype=Indeterminate
2025-01-12 22:39:45,471 - INFO - Updated IFNL3: Genotype=rs12979860/rs12980275, Phenotype=Unfavorable Response
2025-01-12 22:39:45,471 - INFO - Updated NAT2: Genotype=*5/*7, Phenotype=Indeterminate
2025-01-12 22:39:45,471 - INFO - Updated NUDT15: Genotype=*1/*1, Phenotype=Normal Metabolizer
2025-01-12 22:39:45,471 - INFO - Updated RYR1: Genotype=Reference/Reference, Phenotype=Uncertain Susceptibility
2025-01-12 22:39:45,471 - INFO - Updated SLCO1B1: Genotype=*16/*37, Phenotype=Indeterminate
2025-01-12 22:39:45,471 - INFO - Updated TPMT: Genotype=*1/*1, Phenotype=Normal Metabolizer
2025-01-12 22:39:45,471 - INFO - Updated UGT1A1: Genotype=*1/*1, Phenotype=Normal Metabolizer
2025-01-12 22:39:45,471 - INFO - Updated VKORC1: Genotype=Reference/Reference, Phenotype=Indeterminate
2025-01-12 22:39:45,503 - INFO - Saved output file: step1_phenotype_genotype_output/processed_files/N1DL6379.xlsx
2025-01-12 22:39:45,581 - INFO - Successfully verified all genes for N1DL6379
2025-01-12 22:39:45,581 - INFO - Processed 4/12 samples
2025-01-12 22:39:45,582 - INFO - 
Processing sample: NURA8336 (Row 57)
2025-01-12 22:39:45,583 - INFO - Successfully read CSV file for NURA8336
2025-01-12 22:39:45,656 - INFO - Updated header cells
2025-01-12 22:39:45,657 - INFO - Processing genes for NURA8336
2025-01-12 22:39:45,657 - INFO - Updated ABCG2: Genotype=Reference/Reference, Phenotype=Normal Function
2025-01-12 22:39:45,657 - INFO - Updated CACNA1S: Genotype=Reference/Reference, Phenotype=Uncertain Susceptibility
2025-01-12 22:39:45,657 - INFO - Updated CFTR: Genotype=Reference/Reference, Phenotype=Indeterminate
2025-01-12 22:39:45,657 - INFO - Updated CYP2B6: Genotype=*1/*1, Phenotype=Normal Metabolizer
2025-01-12 22:39:45,657 - INFO - Updated CYP2C8: Genotype=*1/*1, Phenotype=Indeterminate
2025-01-12 22:39:45,657 - INFO - Updated CYP2C9: Genotype=*1/*1, Phenotype=Normal Metabolizer
2025-01-12 22:39:45,657 - INFO - Updated CYP2C19: Genotype=*1/*1, Phenotype=Normal Metabolizer
2025-01-12 22:39:45,657 - INFO - Updated CYP2D6: Genotype=*2/*2, Phenotype=Normal Metabolizer
2025-01-12 22:39:45,657 - INFO - Updated CYP3A4: Genotype=*1/*1, Phenotype=Indeterminate
2025-01-12 22:39:45,657 - INFO - Updated CYP3A5: Genotype=*1/*3, Phenotype=Intermediate Metabolizer
2025-01-12 22:39:45,657 - INFO - Updated CYP4F2: Genotype=*1/*3, Phenotype=Indeterminate
2025-01-12 22:39:45,657 - INFO - Updated DPYD: Genotype=c.85T>C (*9A)/c.1627A>G (*5), Phenotype=Normal Metabolizer
2025-01-12 22:39:45,657 - INFO - Updated F5: Genotype=Reference/Reference, Phenotype=Favorable Response
2025-01-12 22:39:45,657 - INFO - Updated G6PD: Genotype=B/B, Phenotype=Indeterminate
2025-01-12 22:39:45,658 - INFO - Updated IFNL3: Genotype=Reference/Reference, Phenotype=Favorable Response
2025-01-12 22:39:45,658 - INFO - Updated NAT2: Genotype=*4/*7, Phenotype=Indeterminate
2025-01-12 22:39:45,658 - INFO - Updated NUDT15: Genotype=*1/*1, Phenotype=Normal Metabolizer
2025-01-12 22:39:45,658 - INFO - Updated RYR1: Genotype=Reference/Reference, Phenotype=Uncertain Susceptibility
2025-01-12 22:39:45,658 - INFO - Updated SLCO1B1: Genotype=*1/*37, Phenotype=Normal Function
2025-01-12 22:39:45,658 - INFO - Updated TPMT: Genotype=*1/*1, Phenotype=Normal Metabolizer
2025-01-12 22:39:45,658 - INFO - Updated UGT1A1: Genotype=*1/*1, Phenotype=Normal Metabolizer
2025-01-12 22:39:45,658 - INFO - Updated VKORC1: Genotype=Reference/Reference, Phenotype=Indeterminate
2025-01-12 22:39:45,695 - INFO - Saved output file: step1_phenotype_genotype_output/processed_files/NURA8336.xlsx
2025-01-12 22:39:45,855 - INFO - Successfully verified all genes for NURA8336
2025-01-12 22:39:45,855 - INFO - Processed 5/12 samples
2025-01-12 22:39:45,856 - INFO - 
Processing sample: N1DL6585 (Row 58)
2025-01-12 22:39:45,858 - INFO - Successfully read CSV file for N1DL6585
2025-01-12 22:39:45,933 - INFO - Updated header cells
2025-01-12 22:39:45,934 - INFO - Processing genes for N1DL6585
2025-01-12 22:39:45,934 - INFO - Updated ABCG2: Genotype=Reference/Reference, Phenotype=Normal Function
2025-01-12 22:39:45,934 - INFO - Updated CACNA1S: Genotype=Reference/Reference, Phenotype=Uncertain Susceptibility
2025-01-12 22:39:45,934 - INFO - Updated CFTR: Genotype=Reference/Reference, Phenotype=Indeterminate
2025-01-12 22:39:45,934 - INFO - Updated CYP2B6: Genotype=*1/*1, Phenotype=Normal Metabolizer
2025-01-12 22:39:45,934 - INFO - Updated CYP2C8: Genotype=*1/*1, Phenotype=Indeterminate
2025-01-12 22:39:45,934 - INFO - Updated CYP2C9: Genotype=*1/*1, Phenotype=Normal Metabolizer
2025-01-12 22:39:45,934 - INFO - Updated CYP2C19: Genotype=*1/*1, Phenotype=Normal Metabolizer
2025-01-12 22:39:45,934 - INFO - Updated CYP2D6: Genotype=*2/*2, Phenotype=Normal Metabolizer
2025-01-12 22:39:45,934 - INFO - Updated CYP3A4: Genotype=*1/*1, Phenotype=Indeterminate
2025-01-12 22:39:45,935 - INFO - Updated CYP3A5: Genotype=*1/*1, Phenotype=Normal Metabolizer
2025-01-12 22:39:45,935 - INFO - Updated CYP4F2: Genotype=*3/*3, Phenotype=Indeterminate
2025-01-12 22:39:45,935 - INFO - Updated DPYD: Genotype=Reference/c.1627A>G (*5), Phenotype=Normal Metabolizer
2025-01-12 22:39:45,935 - INFO - Updated F5: Genotype=Reference/Reference, Phenotype=Favorable Response
2025-01-12 22:39:45,935 - INFO - Updated G6PD: Genotype=B/B, Phenotype=Indeterminate
2025-01-12 22:39:45,935 - INFO - Updated IFNL3: Genotype=Reference/Reference, Phenotype=Favorable Response
2025-01-12 22:39:45,935 - INFO - Updated NAT2: Genotype=*4/*6, Phenotype=Indeterminate
2025-01-12 22:39:45,935 - INFO - Updated NUDT15: Genotype=*1/*5, Phenotype=Indeterminate
2025-01-12 22:39:45,935 - INFO - Updated RYR1: Genotype=Reference/Reference, Phenotype=Uncertain Susceptibility
2025-01-12 22:39:45,935 - INFO - Updated SLCO1B1: Genotype=*37/*37, Phenotype=Normal Function
2025-01-12 22:39:45,935 - INFO - Updated TPMT: Genotype=*1/*1, Phenotype=Normal Metabolizer
2025-01-12 22:39:45,935 - INFO - Updated UGT1A1: Genotype=*1/*80, Phenotype=Indeterminate
2025-01-12 22:39:45,935 - INFO - Updated VKORC1: Genotype=Reference/rs9923231, Phenotype=Indeterminate
2025-01-12 22:39:45,965 - INFO - Saved output file: step1_phenotype_genotype_output/processed_files/N1DL6585.xlsx
2025-01-12 22:39:46,048 - INFO - Successfully verified all genes for N1DL6585
2025-01-12 22:39:46,048 - INFO - Processed 6/12 samples
2025-01-12 22:39:46,049 - INFO - 
Processing sample: N1DL2032 (Row 59)
2025-01-12 22:39:46,050 - INFO - Successfully read CSV file for N1DL2032
2025-01-12 22:39:46,122 - INFO - Updated header cells
2025-01-12 22:39:46,123 - INFO - Processing genes for N1DL2032
2025-01-12 22:39:46,123 - INFO - Updated ABCG2: Genotype=Reference/Reference, Phenotype=Normal Function
2025-01-12 22:39:46,123 - INFO - Updated CACNA1S: Genotype=Reference/Reference, Phenotype=Uncertain Susceptibility
2025-01-12 22:39:46,123 - INFO - Updated CFTR: Genotype=Reference/Reference, Phenotype=Indeterminate
2025-01-12 22:39:46,123 - INFO - Updated CYP2B6: Genotype=*1/*1, Phenotype=Normal Metabolizer
2025-01-12 22:39:46,123 - INFO - Updated CYP2C8: Genotype=*1/*1, Phenotype=Indeterminate
2025-01-12 22:39:46,123 - INFO - Updated CYP2C9: Genotype=*1/*1, Phenotype=Normal Metabolizer
2025-01-12 22:39:46,123 - INFO - Updated CYP2C19: Genotype=*1/*3, Phenotype=Intermediate Metabolizer
2025-01-12 22:39:46,123 - INFO - Updated CYP2D6: Genotype=*2/*2, Phenotype=Normal Metabolizer
2025-01-12 22:39:46,123 - INFO - Updated CYP3A4: Genotype=*1/*1, Phenotype=Indeterminate
2025-01-12 22:39:46,123 - INFO - Updated CYP3A5: Genotype=*1/*3, Phenotype=Intermediate Metabolizer
2025-01-12 22:39:46,123 - INFO - Updated CYP4F2: Genotype=*1/*1, Phenotype=Indeterminate
2025-01-12 22:39:46,123 - INFO - Updated DPYD: Genotype=Reference/Reference, Phenotype=Normal Metabolizer
2025-01-12 22:39:46,123 - INFO - Updated F5: Genotype=Reference/Reference, Phenotype=Favorable Response
2025-01-12 22:39:46,123 - INFO - Updated G6PD: Genotype=B/B, Phenotype=Indeterminate
2025-01-12 22:39:46,124 - INFO - Updated IFNL3: Genotype=Reference/Reference, Phenotype=Favorable Response
2025-01-12 22:39:46,124 - INFO - Updated NAT2: Genotype=*4/*4, Phenotype=Indeterminate
2025-01-12 22:39:46,124 - INFO - Updated NUDT15: Genotype=*1/*1, Phenotype=Normal Metabolizer
2025-01-12 22:39:46,124 - INFO - Updated RYR1: Genotype=Reference/Reference, Phenotype=Uncertain Susceptibility
2025-01-12 22:39:46,124 - INFO - Updated SLCO1B1: Genotype=*1/*37, Phenotype=Normal Function
2025-01-12 22:39:46,124 - INFO - Updated TPMT: Genotype=*1/*1, Phenotype=Normal Metabolizer
2025-01-12 22:39:46,124 - INFO - Updated UGT1A1: Genotype=*1/*1, Phenotype=Normal Metabolizer
2025-01-12 22:39:46,124 - INFO - Updated VKORC1: Genotype=Reference/Reference, Phenotype=Indeterminate
2025-01-12 22:39:46,154 - INFO - Saved output file: step1_phenotype_genotype_output/processed_files/N1DL2032.xlsx
2025-01-12 22:39:46,239 - INFO - Successfully verified all genes for N1DL2032
2025-01-12 22:39:46,239 - INFO - Processed 7/12 samples
2025-01-12 22:39:46,239 - INFO - 
Processing sample: N1DL6310 (Row 60)
2025-01-12 22:39:46,240 - INFO - Successfully read CSV file for N1DL6310
2025-01-12 22:39:46,312 - INFO - Updated header cells
2025-01-12 22:39:46,313 - INFO - Processing genes for N1DL6310
2025-01-12 22:39:46,313 - INFO - Updated ABCG2: Genotype=Reference/rs2231142, Phenotype=Decreased Function
2025-01-12 22:39:46,313 - INFO - Updated CACNA1S: Genotype=Reference/Reference, Phenotype=Uncertain Susceptibility
2025-01-12 22:39:46,313 - INFO - Updated CFTR: Genotype=Reference/Reference, Phenotype=Indeterminate
2025-01-12 22:39:46,313 - INFO - Updated CYP2B6: Genotype=*1/*1, Phenotype=Normal Metabolizer
2025-01-12 22:39:46,313 - INFO - Updated CYP2C8: Genotype=*1/*1, Phenotype=Indeterminate
2025-01-12 22:39:46,313 - INFO - Updated CYP2C9: Genotype=*1/*1, Phenotype=Normal Metabolizer
2025-01-12 22:39:46,313 - INFO - Updated CYP2C19: Genotype=*1/*3, Phenotype=Intermediate Metabolizer
2025-01-12 22:39:46,313 - INFO - Updated CYP2D6: Genotype=*2/*2, Phenotype=Normal Metabolizer
2025-01-12 22:39:46,313 - INFO - Updated CYP3A4: Genotype=*1/*1, Phenotype=Indeterminate
2025-01-12 22:39:46,313 - INFO - Updated CYP3A5: Genotype=*1/*3, Phenotype=Intermediate Metabolizer
2025-01-12 22:39:46,313 - INFO - Updated CYP4F2: Genotype=*1/*1, Phenotype=Indeterminate
2025-01-12 22:39:46,313 - INFO - Updated DPYD: Genotype=Reference/c.1627A>G (*5), Phenotype=Normal Metabolizer
2025-01-12 22:39:46,313 - INFO - Updated F5: Genotype=Reference/Reference, Phenotype=Favorable Response
2025-01-12 22:39:46,313 - INFO - Updated G6PD: Genotype=B/B, Phenotype=Indeterminate
2025-01-12 22:39:46,313 - INFO - Updated IFNL3: Genotype=Reference/Reference, Phenotype=Favorable Response
2025-01-12 22:39:46,313 - INFO - Updated NAT2: Genotype=*4/*4, Phenotype=Indeterminate
2025-01-12 22:39:46,313 - INFO - Updated NUDT15: Genotype=*1/*1, Phenotype=Normal Metabolizer
2025-01-12 22:39:46,313 - INFO - Updated RYR1: Genotype=Reference/Reference, Phenotype=Uncertain Susceptibility
2025-01-12 22:39:46,314 - INFO - Updated SLCO1B1: Genotype=*1/*37, Phenotype=Normal Function
2025-01-12 22:39:46,314 - INFO - Updated TPMT: Genotype=*1/*1, Phenotype=Normal Metabolizer
2025-01-12 22:39:46,314 - INFO - Updated UGT1A1: Genotype=*1/*80, Phenotype=Indeterminate
2025-01-12 22:39:46,314 - INFO - Updated VKORC1: Genotype=Reference/rs9923231, Phenotype=Indeterminate
2025-01-12 22:39:46,348 - INFO - Saved output file: step1_phenotype_genotype_output/processed_files/N1DL6310.xlsx
2025-01-12 22:39:46,426 - INFO - Successfully verified all genes for N1DL6310
2025-01-12 22:39:46,426 - INFO - Processed 8/12 samples
2025-01-12 22:39:46,427 - INFO - 
Processing sample: N1DL6434 (Row 61)
2025-01-12 22:39:46,428 - INFO - Successfully read CSV file for N1DL6434
2025-01-12 22:39:46,498 - INFO - Updated header cells
2025-01-12 22:39:46,499 - INFO - Processing genes for N1DL6434
2025-01-12 22:39:46,499 - INFO - Updated ABCG2: Genotype=Reference/Reference, Phenotype=Normal Function
2025-01-12 22:39:46,499 - INFO - Updated CACNA1S: Genotype=Reference/Reference, Phenotype=Uncertain Susceptibility
2025-01-12 22:39:46,499 - INFO - Updated CFTR: Genotype=Reference/Reference, Phenotype=Indeterminate
2025-01-12 22:39:46,499 - INFO - Updated CYP2B6: Genotype=*1/*9, Phenotype=Intermediate Metabolizer
2025-01-12 22:39:46,500 - INFO - Updated CYP2C8: Genotype=*1/*1, Phenotype=Indeterminate
2025-01-12 22:39:46,500 - INFO - Updated CYP2C9: Genotype=*1/*1, Phenotype=Normal Metabolizer
2025-01-12 22:39:46,500 - INFO - Updated CYP2C19: Genotype=*1/*2, Phenotype=Intermediate Metabolizer
2025-01-12 22:39:46,500 - INFO - Updated CYP2D6: Genotype=*2/*2, Phenotype=Normal Metabolizer
2025-01-12 22:39:46,500 - INFO - Updated CYP3A4: Genotype=*1/*1, Phenotype=Indeterminate
2025-01-12 22:39:46,500 - INFO - Updated CYP3A5: Genotype=*3/*3, Phenotype=Poor Metabolizer
2025-01-12 22:39:46,500 - INFO - Updated CYP4F2: Genotype=*1/*1, Phenotype=Indeterminate
2025-01-12 22:39:46,500 - INFO - Updated DPYD: Genotype=Reference/Reference, Phenotype=Normal Metabolizer
2025-01-12 22:39:46,500 - INFO - Updated F5: Genotype=Reference/Reference, Phenotype=Favorable Response
2025-01-12 22:39:46,500 - INFO - Updated G6PD: Genotype=B/B, Phenotype=Indeterminate
2025-01-12 22:39:46,500 - INFO - Updated IFNL3: Genotype=Reference/Reference, Phenotype=Favorable Response
2025-01-12 22:39:46,500 - INFO - Updated NAT2: Genotype=*6/*7, Phenotype=Indeterminate
2025-01-12 22:39:46,500 - INFO - Updated NUDT15: Genotype=*1/*1, Phenotype=Normal Metabolizer
2025-01-12 22:39:46,500 - INFO - Updated RYR1: Genotype=Reference/Reference, Phenotype=Uncertain Susceptibility
2025-01-12 22:39:46,500 - INFO - Updated SLCO1B1: Genotype=*1/*15, Phenotype=Decreased Function
2025-01-12 22:39:46,500 - INFO - Updated TPMT: Genotype=*1/*1, Phenotype=Normal Metabolizer
2025-01-12 22:39:46,500 - INFO - Updated UGT1A1: Genotype=*1/*6, Phenotype=Intermediate Metabolizer
2025-01-12 22:39:46,500 - INFO - Updated VKORC1: Genotype=Reference/Reference, Phenotype=Indeterminate
2025-01-12 22:39:46,533 - INFO - Saved output file: step1_phenotype_genotype_output/processed_files/N1DL6434.xlsx
2025-01-12 22:39:46,610 - INFO - Successfully verified all genes for N1DL6434
2025-01-12 22:39:46,610 - INFO - Processed 9/12 samples
2025-01-12 22:39:46,611 - INFO - 
Processing sample: N1DL7459 (Row 62)
2025-01-12 22:39:46,612 - INFO - Successfully read CSV file for N1DL7459
2025-01-12 22:39:46,684 - INFO - Updated header cells
2025-01-12 22:39:46,685 - INFO - Processing genes for N1DL7459
2025-01-12 22:39:46,685 - INFO - Updated ABCG2: Genotype=Reference/Reference, Phenotype=Normal Function
2025-01-12 22:39:46,685 - INFO - Updated CACNA1S: Genotype=Reference/Reference, Phenotype=Uncertain Susceptibility
2025-01-12 22:39:46,685 - INFO - Updated CFTR: Genotype=Reference/Reference, Phenotype=Indeterminate
2025-01-12 22:39:46,685 - INFO - Updated CYP2B6: Genotype=*1/*1, Phenotype=Normal Metabolizer
2025-01-12 22:39:46,685 - INFO - Updated CYP2C8: Genotype=*1/*1, Phenotype=Indeterminate
2025-01-12 22:39:46,685 - INFO - Updated CYP2C9: Genotype=*1/*1, Phenotype=Normal Metabolizer
2025-01-12 22:39:46,685 - INFO - Updated CYP2C19: Genotype=*1/*3, Phenotype=Intermediate Metabolizer
2025-01-12 22:39:46,685 - INFO - Updated CYP2D6: Genotype=*2/*2, Phenotype=Normal Metabolizer
2025-01-12 22:39:46,685 - INFO - Updated CYP3A4: Genotype=*1/*1, Phenotype=Indeterminate
2025-01-12 22:39:46,685 - INFO - Updated CYP3A5: Genotype=*3/*3, Phenotype=Poor Metabolizer
2025-01-12 22:39:46,685 - INFO - Updated CYP4F2: Genotype=*1/*1, Phenotype=Indeterminate
2025-01-12 22:39:46,685 - INFO - Updated DPYD: Genotype=Reference/c.1627A>G (*5), Phenotype=Normal Metabolizer
2025-01-12 22:39:46,685 - INFO - Updated F5: Genotype=Reference/Reference, Phenotype=Favorable Response
2025-01-12 22:39:46,685 - INFO - Updated G6PD: Genotype=B/B, Phenotype=Indeterminate
2025-01-12 22:39:46,685 - INFO - Updated IFNL3: Genotype=Reference/Reference, Phenotype=Favorable Response
2025-01-12 22:39:46,685 - INFO - Updated NAT2: Genotype=*4/*4, Phenotype=Indeterminate
2025-01-12 22:39:46,685 - INFO - Updated NUDT15: Genotype=*1/*1, Phenotype=Normal Metabolizer
2025-01-12 22:39:46,685 - INFO - Updated RYR1: Genotype=Reference/Reference, Phenotype=Uncertain Susceptibility
2025-01-12 22:39:46,685 - INFO - Updated SLCO1B1: Genotype=*1/*16, Phenotype=Indeterminate
2025-01-12 22:39:46,685 - INFO - Updated TPMT: Genotype=*1/*1, Phenotype=Normal Metabolizer
2025-01-12 22:39:46,686 - INFO - Updated UGT1A1: Genotype=*1/*1, Phenotype=Normal Metabolizer
2025-01-12 22:39:46,686 - INFO - Updated VKORC1: Genotype=Reference/Reference, Phenotype=Indeterminate
2025-01-12 22:39:46,718 - INFO - Saved output file: step1_phenotype_genotype_output/processed_files/N1DL7459.xlsx
2025-01-12 22:39:46,793 - INFO - Successfully verified all genes for N1DL7459
2025-01-12 22:39:46,793 - INFO - Processed 10/12 samples
2025-01-12 22:39:46,794 - INFO - 
Processing sample: N1DL7717 (Row 63)
2025-01-12 22:39:46,795 - INFO - Successfully read CSV file for N1DL7717
2025-01-12 22:39:46,868 - INFO - Updated header cells
2025-01-12 22:39:46,869 - INFO - Processing genes for N1DL7717
2025-01-12 22:39:46,869 - INFO - Updated ABCG2: Genotype=Reference/Reference, Phenotype=Normal Function
2025-01-12 22:39:46,869 - INFO - Updated CACNA1S: Genotype=Reference/Reference, Phenotype=Uncertain Susceptibility
2025-01-12 22:39:46,869 - INFO - Updated CFTR: Genotype=Reference/Reference, Phenotype=Indeterminate
2025-01-12 22:39:46,869 - INFO - Updated CYP2B6: Genotype=*1/*1, Phenotype=Normal Metabolizer
2025-01-12 22:39:46,869 - INFO - Updated CYP2C8: Genotype=*1/*1, Phenotype=Indeterminate
2025-01-12 22:39:46,869 - INFO - Updated CYP2C9: Genotype=*1/*1, Phenotype=Normal Metabolizer
2025-01-12 22:39:46,869 - INFO - Updated CYP2C19: Genotype=*1/*1, Phenotype=Normal Metabolizer
2025-01-12 22:39:46,869 - INFO - Updated CYP2D6: Genotype=*2/*2, Phenotype=Normal Metabolizer
2025-01-12 22:39:46,869 - INFO - Updated CYP3A4: Genotype=*1/*1, Phenotype=Indeterminate
2025-01-12 22:39:46,869 - INFO - Updated CYP3A5: Genotype=*3/*3, Phenotype=Poor Metabolizer
2025-01-12 22:39:46,869 - INFO - Updated CYP4F2: Genotype=*1/*1, Phenotype=Indeterminate
2025-01-12 22:39:46,869 - INFO - Updated DPYD: Genotype=Reference/Reference, Phenotype=Normal Metabolizer
2025-01-12 22:39:46,869 - INFO - Updated F5: Genotype=Reference/Reference, Phenotype=Favorable Response
2025-01-12 22:39:46,869 - INFO - Updated G6PD: Genotype=B/B, Phenotype=Indeterminate
2025-01-12 22:39:46,869 - INFO - Updated IFNL3: Genotype=rs12979860/rs12980275, Phenotype=Unfavorable Response
2025-01-12 22:39:46,869 - INFO - Updated NAT2: Genotype=*4/*4, Phenotype=Indeterminate
2025-01-12 22:39:46,869 - INFO - Updated NUDT15: Genotype=*1/*1, Phenotype=Normal Metabolizer
2025-01-12 22:39:46,869 - INFO - Updated RYR1: Genotype=Reference/Reference, Phenotype=Uncertain Susceptibility
2025-01-12 22:39:46,869 - INFO - Updated SLCO1B1: Genotype=*15/*37, Phenotype=Decreased Function
2025-01-12 22:39:46,870 - INFO - Updated TPMT: Genotype=*1/*1, Phenotype=Normal Metabolizer
2025-01-12 22:39:46,870 - INFO - Updated UGT1A1: Genotype=*1/*1, Phenotype=Normal Metabolizer
2025-01-12 22:39:46,870 - INFO - Updated VKORC1: Genotype=Reference/Reference, Phenotype=Indeterminate
2025-01-12 22:39:46,969 - INFO - Saved output file: step1_phenotype_genotype_output/processed_files/N1DL7717.xlsx
2025-01-12 22:39:47,047 - INFO - Successfully verified all genes for N1DL7717
2025-01-12 22:39:47,048 - INFO - Processed 11/12 samples
2025-01-12 22:39:47,048 - INFO - 
Processing sample: N1DL3100 (Row 64)
2025-01-12 22:39:47,049 - INFO - Successfully read CSV file for N1DL3100
2025-01-12 22:39:47,121 - INFO - Updated header cells
2025-01-12 22:39:47,122 - INFO - Processing genes for N1DL3100
2025-01-12 22:39:47,123 - INFO - Updated ABCG2: Genotype=Reference/Reference, Phenotype=Normal Function
2025-01-12 22:39:47,123 - INFO - Updated CACNA1S: Genotype=Reference/Reference, Phenotype=Uncertain Susceptibility
2025-01-12 22:39:47,123 - INFO - Updated CFTR: Genotype=Reference/Reference, Phenotype=Indeterminate
2025-01-12 22:39:47,123 - INFO - Updated CYP2B6: Genotype=*1/*1, Phenotype=Normal Metabolizer
2025-01-12 22:39:47,123 - INFO - Updated CYP2C8: Genotype=*1/*1, Phenotype=Indeterminate
2025-01-12 22:39:47,123 - INFO - Updated CYP2C9: Genotype=*1/*1, Phenotype=Normal Metabolizer
2025-01-12 22:39:47,123 - INFO - Updated CYP2C19: Genotype=*1/*1, Phenotype=Normal Metabolizer
2025-01-12 22:39:47,123 - INFO - Updated CYP2D6: Genotype=*2/*2, Phenotype=Normal Metabolizer
2025-01-12 22:39:47,123 - INFO - Updated CYP3A4: Genotype=*1/*1, Phenotype=Indeterminate
2025-01-12 22:39:47,123 - INFO - Updated CYP3A5: Genotype=*1/*1, Phenotype=Normal Metabolizer
2025-01-12 22:39:47,123 - INFO - Updated CYP4F2: Genotype=*1/*1, Phenotype=Indeterminate
2025-01-12 22:39:47,123 - INFO - Updated DPYD: Genotype=Reference/c.1627A>G (*5), Phenotype=Normal Metabolizer
2025-01-12 22:39:47,123 - INFO - Updated F5: Genotype=Reference/Reference, Phenotype=Favorable Response
2025-01-12 22:39:47,123 - INFO - Updated G6PD: Genotype=B/B, Phenotype=Indeterminate
2025-01-12 22:39:47,123 - INFO - Updated IFNL3: Genotype=Reference/Reference, Phenotype=Favorable Response
2025-01-12 22:39:47,123 - INFO - Updated NAT2: Genotype=*6/*6, Phenotype=Indeterminate
2025-01-12 22:39:47,123 - INFO - Updated NUDT15: Genotype=*1/*1, Phenotype=Normal Metabolizer
2025-01-12 22:39:47,123 - INFO - Updated RYR1: Genotype=Reference/Reference, Phenotype=Uncertain Susceptibility
2025-01-12 22:39:47,123 - INFO - Updated SLCO1B1: Genotype=*1/*37, Phenotype=Normal Function
2025-01-12 22:39:47,123 - INFO - Updated TPMT: Genotype=*1/*1, Phenotype=Normal Metabolizer
2025-01-12 22:39:47,123 - INFO - Updated UGT1A1: Genotype=*1/*1, Phenotype=Normal Metabolizer
2025-01-12 22:39:47,123 - INFO - Updated VKORC1: Genotype=Reference/Reference, Phenotype=Indeterminate
2025-01-12 22:39:47,154 - INFO - Saved output file: step1_phenotype_genotype_output/processed_files/N1DL3100.xlsx
2025-01-12 22:39:47,231 - INFO - Successfully verified all genes for N1DL3100
2025-01-12 22:39:47,231 - INFO - Processed 12/12 samples
2025-01-12 22:39:47,231 - INFO - Step 1 processing completed
2025-01-12 22:39:47,231 - INFO - Processing report saved to: step1_phenotype_genotype_output/processing_report.txt
