2025-01-12 04:32:49,713 - INFO - Starting Step 1: Copy Phenotype and Genotype processing
2025-01-12 04:32:49,717 - INFO - Successfully read main sample list with latin1 encoding
2025-01-12 04:32:49,717 - INFO - Processing sample N1DL5740
2025-01-12 04:32:49,919 - INFO - Successfully processed N1DL5740
2025-01-12 04:32:49,919 - INFO - Processing sample N1DL6378
2025-01-12 04:32:50,119 - INFO - Successfully processed N1DL6378
2025-01-12 04:32:50,119 - INFO - Processing sample N1DL6183
2025-01-12 04:32:50,321 - INFO - Successfully processed N1DL6183
2025-01-12 04:32:50,321 - INFO - Processing sample N1DL7718
2025-01-12 04:32:50,528 - INFO - Successfully processed N1DL7718
2025-01-12 04:32:50,529 - INFO - Processing sample N1DL6379
2025-01-12 04:32:50,776 - INFO - Successfully processed N1DL6379
2025-01-12 04:32:50,776 - INFO - Processing sample NURA8336
2025-01-12 04:32:50,978 - INFO - Successfully processed NURA8336
2025-01-12 04:32:50,978 - INFO - Processing sample N1DL6585
2025-01-12 04:32:51,184 - INFO - Successfully processed N1DL6585
2025-01-12 04:32:51,184 - INFO - Processing sample N1DL2032
2025-01-12 04:32:51,394 - INFO - Successfully processed N1DL2032
2025-01-12 04:32:51,394 - INFO - Processing sample N1DL6310
2025-01-12 04:32:51,641 - INFO - Successfully processed N1DL6310
2025-01-12 04:32:51,641 - INFO - Processing sample N1DL6434
2025-01-12 04:32:51,876 - INFO - Successfully processed N1DL6434
2025-01-12 04:32:51,876 - INFO - Processing sample N1DL7459
2025-01-12 04:32:52,112 - INFO - Successfully processed N1DL7459
2025-01-12 04:32:52,113 - INFO - Processing sample N1DL7717
2025-01-12 04:32:52,333 - INFO - Successfully processed N1DL7717
2025-01-12 04:32:52,333 - INFO - Processing sample N1DL3100
2025-01-12 04:32:52,553 - INFO - Successfully processed N1DL3100
2025-01-12 04:32:52,554 - INFO - Processing sample N1DL6051
2025-01-12 04:32:52,835 - INFO - Successfully processed N1DL6051
2025-01-12 04:32:52,836 - INFO - Processing sample N1DL6182
2025-01-12 04:32:53,047 - INFO - Successfully processed N1DL6182
2025-01-12 04:32:53,047 - INFO - Processing sample N1DL5548
2025-01-12 04:32:53,267 - INFO - Successfully processed N1DL5548
2025-01-12 04:32:53,267 - INFO - Processing sample NURA3301
2025-01-12 04:32:53,485 - INFO - Successfully processed NURA3301
2025-01-12 04:32:53,485 - INFO - Processing sample N1DL7719
2025-01-12 04:32:53,705 - INFO - Successfully processed N1DL7719
2025-01-12 04:32:53,705 - INFO - Processing sample N1DL9171
2025-01-12 04:32:54,048 - INFO - Successfully processed N1DL9171
2025-01-12 04:32:54,049 - INFO - Processing sample N1DL7913
2025-01-12 04:32:54,254 - INFO - Successfully processed N1DL7913
2025-01-12 04:32:54,254 - INFO - Processing sample N1DL6998
2025-01-12 04:32:54,453 - INFO - Successfully processed N1DL6998
2025-01-12 04:32:54,454 - INFO - Processing sample NURA4091
2025-01-12 04:32:54,658 - INFO - Successfully processed NURA4091
2025-01-12 04:32:54,658 - INFO - Processing sample N1DL8327
2025-01-12 04:32:54,856 - INFO - Successfully processed N1DL8327
2025-01-12 04:32:54,856 - INFO - Processing sample N1DL6435
2025-01-12 04:32:55,112 - INFO - Successfully processed N1DL6435
2025-01-12 04:32:55,112 - INFO - Processing sample N1DL7264
2025-01-12 04:32:55,320 - INFO - Successfully processed N1DL7264
2025-01-12 04:32:55,320 - INFO - Step 1 processing completed
